--progress is a global compose flag, better use `docker compose --progress xx build ...
 Image simmaci-frontend Building 
 Image simmaci-backend Building 
#1 [internal] load local bake definitions
#1 reading from stdin 974B done
#1 DONE 0.0s

#2 [internal] load build definition from Dockerfile
#2 transferring dockerfile: 635B 0.0s done
#2 DONE 0.0s

#3 [internal] load metadata for docker.io/library/nginx:alpine
#3 DONE 1.2s

#4 [internal] load metadata for docker.io/library/node:20-alpine
#4 DONE 1.2s

#5 [internal] load .dockerignore
#5 transferring context: 2B done
#5 DONE 0.0s

#6 [internal] load build context
#6 ...

#7 [stage-1 1/3] FROM docker.io/library/nginx:alpine@sha256:e7257f1ef28ba17cf7c248cb8ccf6f0c6e0228ab9c315c152f9c203cd34cf6d1
#7 resolve docker.io/library/nginx:alpine@sha256:e7257f1ef28ba17cf7c248cb8ccf6f0c6e0228ab9c315c152f9c203cd34cf6d1 0.1s done
#7 CACHED

#8 [build 1/6] FROM docker.io/library/node:20-alpine@sha256:f598378b5240225e6beab68fa9f356db1fb8efe55173e6d4d8153113bb8f333c
#8 resolve docker.io/library/node:20-alpine@sha256:f598378b5240225e6beab68fa9f356db1fb8efe55173e6d4d8153113bb8f333c 0.1s done
#8 DONE 0.1s

#9 [build 2/6] WORKDIR /app
#9 CACHED

#6 [internal] load build context
#6 transferring context: 7.08MB 5.0s
#6 transferring context: 20.66MB 10.1s
#6 transferring context: 64.42MB 15.1s
#6 transferring context: 105.52MB 20.2s
#6 transferring context: 109.69MB 25.2s
#6 transferring context: 109.83MB 30.2s
#6 transferring context: 110.58MB 35.4s
#6 transferring context: 110.93MB 40.5s
#6 transferring context: 111.22MB 45.7s
#6 transferring context: 111.79MB 50.7s
#6 transferring context: 114.16MB 55.7s
#6 transferring context: 120.52MB 60.8s
#6 transferring context: 122.73MB 65.8s
#6 transferring context: 122.83MB 70.9s
#6 transferring context: 123.03MB 76.1s
#6 transferring context: 123.11MB 81.3s
#6 transferring context: 123.19MB 86.3s
#6 transferring context: 123.30MB 91.4s
#6 transferring context: 124.10MB 96.5s
#6 transferring context: 124.33MB 101.5s
#6 transferring context: 124.64MB 106.5s
#6 transferring context: 126.68MB 111.7s
#6 transferring context: 128.51MB 116.8s
#6 transferring context: 129.17MB 121.8s
#6 transferring context: 130.96MB 127.0s
#6 transferring context: 132.78MB 132.0s
#6 transferring context: 135.06MB 137.1s
#6 transferring context: 138.35MB 142.1s
#6 transferring context: 140.45MB 147.1s
#6 transferring context: 157.19MB 152.2s
#6 transferring context: 157.36MB 157.2s
#6 transferring context: 157.77MB 162.3s
#6 transferring context: 158.39MB 167.4s
#6 transferring context: 160.84MB 172.5s
#6 transferring context: 162.15MB 177.6s
#6 transferring context: 162.54MB 182.6s
#6 transferring context: 163.09MB 187.7s
#6 transferring context: 165.36MB 192.8s
#6 transferring context: 165.97MB 197.9s
#6 transferring context: 167.07MB 202.9s
#6 transferring context: 167.60MB 208.0s
#6 transferring context: 169.18MB 213.0s
#6 transferring context: 171.45MB 218.1s
#6 transferring context: 173.35MB 223.2s
#6 transferring context: 175.13MB 228.2s
#6 transferring context: 176.30MB 233.3s
#6 transferring context: 178.04MB 238.3s
#6 transferring context: 178.18MB 243.4s
#6 transferring context: 178.69MB 248.5s
#6 transferring context: 179.42MB 253.5s
#6 transferring context: 180.03MB 258.5s
#6 transferring context: 180.30MB 263.6s
#6 transferring context: 181.23MB 268.8s
#6 transferring context: 181.89MB 273.8s
#6 transferring context: 182.98MB 278.9s
#6 transferring context: 184.81MB 284.0s
#6 transferring context: 185.88MB 289.0s
#6 transferring context: 186.43MB 294.1s
#6 transferring context: 188.18MB 299.2s
#6 transferring context: 189.77MB 304.2s
#6 transferring context: 208.61MB 309.4s
#6 transferring context: 237.46MB 314.4s
#6 transferring context: 242.84MB 319.5s
#6 transferring context: 246.53MB 324.5s
#6 transferring context: 247.75MB 329.6s

